{"E:\\testtype\\src\\app\\doubles\\OtherUtils.ts": {"path":"E:\\testtype\\src\\app\\doubles\\OtherUtils.ts","statementMap":{"0":{"start":{"line":1,"column":0},"end":{"line":1,"column":26}},"1":{"start":{"line":11,"column":34},"end":{"line":13,"column":1}},"2":{"start":{"line":12,"column":2},"end":{"line":12,"column":70}},"3":{"start":{"line":11,"column":13},"end":{"line":11,"column":34}},"4":{"start":{"line":17,"column":2},"end":{"line":20,"column":3}},"5":{"start":{"line":18,"column":4},"end":{"line":18,"column":28}},"6":{"start":{"line":19,"column":4},"end":{"line":19,"column":11}},"7":{"start":{"line":21,"column":2},"end":{"line":21,"column":32}},"8":{"start":{"line":22,"column":2},"end":{"line":22,"column":27}},"9":{"start":{"line":16,"column":0},"end":{"line":16,"column":16}},"10":{"start":{"line":26,"column":2},"end":{"line":26,"column":27}},"11":{"start":{"line":25,"column":0},"end":{"line":25,"column":16}},"12":{"start":{"line":30,"column":2},"end":{"line":30,"column":32}},"13":{"start":{"line":29,"column":0},"end":{"line":29,"column":16}},"14":{"start":{"line":33,"column":2},"end":{"line":36,"column":3}},"15":{"start":{"line":34,"column":4},"end":{"line":34,"column":32}},"16":{"start":{"line":35,"column":4},"end":{"line":35,"column":11}},"17":{"start":{"line":38,"column":2},"end":{"line":38,"column":35}},"18":{"start":{"line":39,"column":2},"end":{"line":39,"column":20}},"19":{"start":{"line":32,"column":0},"end":{"line":32,"column":16}},"20":{"start":{"line":45,"column":4},"end":{"line":45,"column":29}},"21":{"start":{"line":49,"column":4},"end":{"line":49,"column":21}},"22":{"start":{"line":42,"column":0},"end":{"line":42,"column":13}}},"fnMap":{"0":{"name":"(anonymous_0)","decl":{"start":{"line":11,"column":34},"end":{"line":11,"column":35}},"loc":{"start":{"line":11,"column":61},"end":{"line":13,"column":1}}},"1":{"name":"toUppercaseWithCb","decl":{"start":{"line":16,"column":16},"end":{"line":16,"column":33}},"loc":{"start":{"line":16,"column":73},"end":{"line":23,"column":1}}},"2":{"name":"toUppercase","decl":{"start":{"line":25,"column":16},"end":{"line":25,"column":27}},"loc":{"start":{"line":25,"column":39},"end":{"line":27,"column":1}}},"3":{"name":"toLowerCaseWithId","decl":{"start":{"line":29,"column":16},"end":{"line":29,"column":33}},"loc":{"start":{"line":29,"column":45},"end":{"line":31,"column":1}}},"4":{"name":"lengthOfTheString","decl":{"start":{"line":32,"column":16},"end":{"line":32,"column":33}},"loc":{"start":{"line":32,"column":65},"end":{"line":40,"column":1}}},"5":{"name":"(anonymous_5)","decl":{"start":{"line":43,"column":10},"end":{"line":43,"column":28}},"loc":{"start":{"line":43,"column":28},"end":{"line":43,"column":33}}},"6":{"name":"(anonymous_6)","decl":{"start":{"line":44,"column":9},"end":{"line":44,"column":21}},"loc":{"start":{"line":44,"column":33},"end":{"line":46,"column":3}}},"7":{"name":"(anonymous_7)","decl":{"start":{"line":48,"column":9},"end":{"line":48,"column":18}},"loc":{"start":{"line":48,"column":30},"end":{"line":50,"column":3}}}},"branchMap":{"0":{"loc":{"start":{"line":17,"column":2},"end":{"line":20,"column":3}},"type":"if","locations":[{"start":{"line":17,"column":2},"end":{"line":20,"column":3}}]},"1":{"loc":{"start":{"line":33,"column":2},"end":{"line":36,"column":3}},"type":"if","locations":[{"start":{"line":33,"column":2},"end":{"line":36,"column":3}}]}},"s":{"0":2,"1":2,"2":1,"3":2,"4":2,"5":1,"6":1,"7":1,"8":1,"9":2,"10":1,"11":2,"12":1,"13":2,"14":1,"15":1,"16":1,"17":0,"18":0,"19":2,"20":1,"21":1,"22":2},"f":{"0":1,"1":2,"2":1,"3":1,"4":1,"5":0,"6":1,"7":1},"b":{"0":[1],"1":[1]}}
}
