TN:
SF:src\app\doubles\OtherUtils.ts
FN:11,(anonymous_0)
FN:16,toUppercaseWithCb
FN:25,toUppercase
FN:29,toLowerCaseWithId
FN:32,lengthOfTheString
FN:43,(anonymous_5)
FN:44,(anonymous_6)
FN:48,(anonymous_7)
FNF:8
FNH:7
FNDA:1,(anonymous_0)
FNDA:2,toUppercaseWithCb
FNDA:1,toUppercase
FNDA:1,toLowerCaseWithId
FNDA:1,lengthOfTheString
FNDA:0,(anonymous_5)
FNDA:1,(anonymous_6)
FNDA:1,(anonymous_7)
DA:1,2
DA:11,2
DA:12,1
DA:16,2
DA:17,2
DA:18,1
DA:19,1
DA:21,1
DA:22,1
DA:25,2
DA:26,1
DA:29,2
DA:30,1
DA:32,2
DA:33,1
DA:34,1
DA:35,1
DA:38,0
DA:39,0
DA:42,2
DA:45,1
DA:49,1
LF:22
LH:20
BRDA:17,0,0,1
BRDA:33,1,0,1
BRF:2
BRH:2
end_of_record
