TN:
SF:src\app\doubles\OtherUtils.ts
FN:11,(anonymous_0)
FN:16,toUppercaseWithCb
FN:25,toUppercase
FN:29,toLowerCaseWithId
FN:32,lengthOfTheString
FN:43,(anonymous_5)
FN:44,(anonymous_6)
FN:48,(anonymous_7)
FNF:8
FNH:0
FNDA:0,(anonymous_0)
FNDA:0,toUppercaseWithCb
FNDA:0,toUppercase
FNDA:0,toLowerCaseWithId
FNDA:0,lengthOfTheString
FNDA:0,(anonymous_5)
FNDA:0,(anonymous_6)
FNDA:0,(anonymous_7)
DA:1,0
DA:11,0
DA:12,0
DA:16,0
DA:17,0
DA:18,0
DA:19,0
DA:21,0
DA:22,0
DA:25,0
DA:26,0
DA:29,0
DA:30,0
DA:32,0
DA:33,0
DA:34,0
DA:35,0
DA:38,0
DA:39,0
DA:42,0
DA:45,0
DA:49,0
LF:22
LH:0
BRDA:17,0,0,0
BRDA:33,1,0,0
BRF:2
BRH:0
end_of_record
